0 info it worked if it ends with ok
1 verbose cli [ 'C:\\Program Files\\nodejs\\node.exe',
1 verbose cli   'C:\\Program Files\\nodejs\\node_modules\\npm\\bin\\npm-cli.js',
1 verbose cli   'run',
1 verbose cli   'build' ]
2 info using npm@6.9.0
3 info using node@v10.16.1
4 verbose run-script [ 'prebuild', 'build', 'postbuild' ]
5 info lifecycle project@1.0.0~prebuild: project@1.0.0
6 info lifecycle project@1.0.0~build: project@1.0.0
7 verbose lifecycle project@1.0.0~build: unsafe-perm in lifecycle true
8 verbose lifecycle project@1.0.0~build: PATH: C:\Program Files\nodejs\node_modules\npm\node_modules\npm-lifecycle\node-gyp-bin;D:\dev\my-Routine-master\node_modules\.bin;C:\WINDOWS\system32;C:\WINDOWS;C:\WINDOWS\System32\Wbem;C:\WINDOWS\System32\WindowsPowerShell\v1.0\;C:\Program Files\Intel\WiFi\bin\;C:\Program Files\Common Files\Intel\WirelessCommon\;C:\WINDOWS\System32\OpenSSH\;C:\Program Files\Git\cmd;C:\Program Files\nodejs\;C:\Users\44862\AppData\Local\Microsoft\WindowsApps;C:\Users\44862\AppData\Local\BypassRuntm;C:\Users\44862\AppData\Roaming\npm;%USERPROFILE%\AppData\Local\Microsoft\WindowsApps;
9 verbose lifecycle project@1.0.0~build: CWD: D:\dev\my-Routine-master
10 silly lifecycle project@1.0.0~build: Args: [ '/d /s /c', 'node build/build.js wx' ]
11 silly lifecycle project@1.0.0~build: Returned: code: 1  signal: null
12 info lifecycle project@1.0.0~build: Failed to exec build script
13 verbose stack Error: project@1.0.0 build: `node build/build.js wx`
13 verbose stack Exit status 1
13 verbose stack     at EventEmitter.<anonymous> (C:\Program Files\nodejs\node_modules\npm\node_modules\npm-lifecycle\index.js:301:16)
13 verbose stack     at EventEmitter.emit (events.js:198:13)
13 verbose stack     at ChildProcess.<anonymous> (C:\Program Files\nodejs\node_modules\npm\node_modules\npm-lifecycle\lib\spawn.js:55:14)
13 verbose stack     at ChildProcess.emit (events.js:198:13)
13 verbose stack     at maybeClose (internal/child_process.js:982:16)
13 verbose stack     at Process.ChildProcess._handle.onexit (internal/child_process.js:259:5)
14 verbose pkgid project@1.0.0
15 verbose cwd D:\dev\my-Routine-master
16 verbose Windows_NT 10.0.18362
17 verbose argv "C:\\Program Files\\nodejs\\node.exe" "C:\\Program Files\\nodejs\\node_modules\\npm\\bin\\npm-cli.js" "run" "build"
18 verbose node v10.16.1
19 verbose npm  v6.9.0
20 error code ELIFECYCLE
21 error errno 1
22 error project@1.0.0 build: `node build/build.js wx`
22 error Exit status 1
23 error Failed at the project@1.0.0 build script.
23 error This is probably not a problem with npm. There is likely additional logging output above.
24 verbose exit [ 1, true ]
